<?xml version="1.0" encoding="UTF-8"?>
<!-- Generated by org.testng.reporters.JUnitXMLReporter -->
<testsuite hostname="Hp-PC" ignored="3" name="Default test" tests="3" failures="0" timestamp="16 Feb 2018 03:01:46 GMT" time="67.045" errors="0">
  <testcase name="validateCreateNewContact" time="4.581" classname="com.crm.qa.testscases.ContactsPageTest"/>
  <testcase name="validateCreateNewContact" time="3.495" classname="com.crm.qa.testscases.ContactsPageTest"/>
  <testcase name="validateCreateNewContact" time="3.265" classname="com.crm.qa.testscases.ContactsPageTest"/>
  <testcase name="verifyContactsLabel" time="0.0" classname="com.crm.qa.testscases.ContactsPageTest">
    <ignored/>
  </testcase> <!-- verifyContactsLabel -->
  <testcase name="selectSingleContactTest" time="0.0" classname="com.crm.qa.testscases.ContactsPageTest">
    <ignored/>
  </testcase> <!-- selectSingleContactTest -->
  <testcase name="selectMultipleContactTest" time="0.0" classname="com.crm.qa.testscases.ContactsPageTest">
    <ignored/>
  </testcase> <!-- selectMultipleContactTest -->
</testsuite> <!-- Default test -->
