<?xml version="1.0" encoding="UTF-8"?>
<!-- Generated by org.testng.reporters.JUnitXMLReporter -->
<testsuite hostname="Hp-PC" ignored="4" name="Command line test" tests="12" failures="0" timestamp="25 Feb 2018 05:37:17 GMT" time="216.758" errors="0">
  <testcase name="verifyContactsLabel" time="1.487" classname="com.crm.qa.testscases.ContactsPageTest"/>
  <testcase name="verifyhomePageTitleTest" time="0.007" classname="com.crm.qa.testscases.HomePageTest"/>
  <testcase name="loginPageTitleTest" time="0.006" classname="com.crm.qa.testscases.LoginPageTest"/>
  <testcase name="selectSingleContactTest" time="1.345" classname="com.crm.qa.testscases.ContactsPageTest"/>
  <testcase name="verifyUserNameTest" time="0.062" classname="com.crm.qa.testscases.HomePageTest"/>
  <testcase name="crmLogoImageTest" time="0.037" classname="com.crm.qa.testscases.LoginPageTest"/>
  <testcase name="selectMultipleContactTest" time="1.298" classname="com.crm.qa.testscases.ContactsPageTest"/>
  <testcase name="verifyContactsLinkTest" time="0.103" classname="com.crm.qa.testscases.HomePageTest"/>
  <testcase name="loginTest" time="4.941" classname="com.crm.qa.testscases.LoginPageTest"/>
  <testcase name="validateCreateNewContact" time="6.344" classname="com.crm.qa.testscases.ContactsPageTest"/>
  <testcase name="validateCreateNewContact" time="4.158" classname="com.crm.qa.testscases.ContactsPageTest"/>
  <testcase name="validateCreateNewContact" time="3.901" classname="com.crm.qa.testscases.ContactsPageTest"/>
  <testcase name="@BeforeTest setExtent" time="0.0" classname="com.crm.qa.base.TestBase">
    <ignored/>
  </testcase> <!-- @BeforeTest setExtent -->
  <testcase name="@BeforeTest setExtent" time="0.0" classname="com.crm.qa.base.TestBase">
    <ignored/>
  </testcase> <!-- @BeforeTest setExtent -->
  <testcase name="@AfterTest endReport" time="0.0" classname="com.crm.qa.base.TestBase">
    <ignored/>
  </testcase> <!-- @AfterTest endReport -->
  <testcase name="@AfterTest endReport" time="0.0" classname="com.crm.qa.base.TestBase">
    <ignored/>
  </testcase> <!-- @AfterTest endReport -->
</testsuite> <!-- Command line test -->
