<?xml version="1.0" encoding="UTF-8"?>
<!-- Generated by org.testng.reporters.JUnitXMLReporter -->
<testsuite hostname="Hp-PC" ignored="4" name="Command line test" tests="12" failures="0" timestamp="18 Feb 2018 07:49:34 GMT" time="302.564" errors="0">
  <testcase name="verifyContactsLabel" time="1.061" classname="com.crm.qa.testscases.ContactsPageTest"/>
  <testcase name="verifyhomePageTitleTest" time="0.009" classname="com.crm.qa.testscases.HomePageTest"/>
  <testcase name="loginPageTitleTest" time="0.009" classname="com.crm.qa.testscases.LoginPageTest"/>
  <testcase name="selectSingleContactTest" time="1.115" classname="com.crm.qa.testscases.ContactsPageTest"/>
  <testcase name="verifyUserNameTest" time="0.069" classname="com.crm.qa.testscases.HomePageTest"/>
  <testcase name="crmLogoImageTest" time="0.045" classname="com.crm.qa.testscases.LoginPageTest"/>
  <testcase name="selectMultipleContactTest" time="1.011" classname="com.crm.qa.testscases.ContactsPageTest"/>
  <testcase name="verifyContactsLinkTest" time="0.114" classname="com.crm.qa.testscases.HomePageTest"/>
  <testcase name="loginTest" time="14.052" classname="com.crm.qa.testscases.LoginPageTest"/>
  <testcase name="validateCreateNewContact" time="5.364" classname="com.crm.qa.testscases.ContactsPageTest"/>
  <testcase name="validateCreateNewContact" time="3.8" classname="com.crm.qa.testscases.ContactsPageTest"/>
  <testcase name="validateCreateNewContact" time="3.665" classname="com.crm.qa.testscases.ContactsPageTest"/>
  <testcase name="@BeforeTest setExtent" time="0.0" classname="com.crm.qa.base.TestBase">
    <ignored/>
  </testcase> <!-- @BeforeTest setExtent -->
  <testcase name="@BeforeTest setExtent" time="0.0" classname="com.crm.qa.base.TestBase">
    <ignored/>
  </testcase> <!-- @BeforeTest setExtent -->
  <testcase name="@AfterTest endReport" time="0.0" classname="com.crm.qa.base.TestBase">
    <ignored/>
  </testcase> <!-- @AfterTest endReport -->
  <testcase name="@AfterTest endReport" time="0.0" classname="com.crm.qa.base.TestBase">
    <ignored/>
  </testcase> <!-- @AfterTest endReport -->
</testsuite> <!-- Command line test -->
