<?xml version="1.0" encoding="UTF-8"?>
<testng-results skipped="0" failed="0" ignored="4" total="16" passed="12">
  <reporter-output>
  </reporter-output>
  <suite name="Command line suite" duration-ms="216758" started-at="2018-02-25T05:33:40Z" finished-at="2018-02-25T05:37:17Z">
    <groups>
    </groups>
    <test name="Command line test" duration-ms="216758" started-at="2018-02-25T05:33:40Z" finished-at="2018-02-25T05:37:17Z">
      <class name="com.crm.qa.testscases.HomePageTest">
        <test-method status="PASS" signature="setUp()[pri:0, instance:com.crm.qa.testscases.HomePageTest@7ca48474]" name="setUp" is-config="true" duration-ms="15366" started-at="2018-02-25T11:04:18Z" finished-at="2018-02-25T11:04:33Z">
          <reporter-output>
          </reporter-output>
        </test-method> <!-- setUp -->
        <test-method status="PASS" signature="verifyhomePageTitleTest()[pri:1, instance:com.crm.qa.testscases.HomePageTest@7ca48474]" name="verifyhomePageTitleTest" duration-ms="7" started-at="2018-02-25T11:04:33Z" finished-at="2018-02-25T11:04:33Z">
          <reporter-output>
          </reporter-output>
        </test-method> <!-- verifyhomePageTitleTest -->
        <test-method status="PASS" signature="tearDown(org.testng.ITestResult)[pri:0, instance:com.crm.qa.testscases.HomePageTest@7ca48474]" name="tearDown" is-config="true" duration-ms="633" started-at="2018-02-25T11:04:33Z" finished-at="2018-02-25T11:04:34Z">
          <params>
            <param index="0">
              <value>
                <![CDATA[[TestResult name=verifyhomePageTitleTest status=SUCCESS method=HomePageTest.verifyhomePageTitleTest()[pri:1, instance:com.crm.qa.testscases.HomePageTest@7ca48474] output={null}]]]>
              </value>
            </param>
          </params>
          <reporter-output>
          </reporter-output>
        </test-method> <!-- tearDown -->
        <test-method status="PASS" signature="setUp()[pri:0, instance:com.crm.qa.testscases.HomePageTest@7ca48474]" name="setUp" is-config="true" duration-ms="13941" started-at="2018-02-25T11:04:58Z" finished-at="2018-02-25T11:05:12Z">
          <reporter-output>
          </reporter-output>
        </test-method> <!-- setUp -->
        <test-method status="PASS" signature="verifyUserNameTest()[pri:2, instance:com.crm.qa.testscases.HomePageTest@7ca48474]" name="verifyUserNameTest" duration-ms="62" started-at="2018-02-25T11:05:12Z" finished-at="2018-02-25T11:05:12Z">
          <reporter-output>
          </reporter-output>
        </test-method> <!-- verifyUserNameTest -->
        <test-method status="PASS" signature="tearDown(org.testng.ITestResult)[pri:0, instance:com.crm.qa.testscases.HomePageTest@7ca48474]" name="tearDown" is-config="true" duration-ms="561" started-at="2018-02-25T11:05:12Z" finished-at="2018-02-25T11:05:13Z">
          <params>
            <param index="0">
              <value>
                <![CDATA[[TestResult name=verifyUserNameTest status=SUCCESS method=HomePageTest.verifyUserNameTest()[pri:2, instance:com.crm.qa.testscases.HomePageTest@7ca48474] output={null}]]]>
              </value>
            </param>
          </params>
          <reporter-output>
          </reporter-output>
        </test-method> <!-- tearDown -->
        <test-method status="PASS" signature="setUp()[pri:0, instance:com.crm.qa.testscases.HomePageTest@7ca48474]" name="setUp" is-config="true" duration-ms="14995" started-at="2018-02-25T11:05:40Z" finished-at="2018-02-25T11:05:55Z">
          <reporter-output>
          </reporter-output>
        </test-method> <!-- setUp -->
        <test-method status="PASS" signature="verifyContactsLinkTest()[pri:3, instance:com.crm.qa.testscases.HomePageTest@7ca48474]" name="verifyContactsLinkTest" duration-ms="103" started-at="2018-02-25T11:05:55Z" finished-at="2018-02-25T11:05:55Z">
          <reporter-output>
          </reporter-output>
        </test-method> <!-- verifyContactsLinkTest -->
        <test-method status="PASS" signature="tearDown(org.testng.ITestResult)[pri:0, instance:com.crm.qa.testscases.HomePageTest@7ca48474]" name="tearDown" is-config="true" duration-ms="562" started-at="2018-02-25T11:05:55Z" finished-at="2018-02-25T11:05:56Z">
          <params>
            <param index="0">
              <value>
                <![CDATA[[TestResult name=verifyContactsLinkTest status=SUCCESS method=HomePageTest.verifyContactsLinkTest()[pri:3, instance:com.crm.qa.testscases.HomePageTest@7ca48474] output={null}]]]>
              </value>
            </param>
          </params>
          <reporter-output>
          </reporter-output>
        </test-method> <!-- tearDown -->
      </class> <!-- com.crm.qa.testscases.HomePageTest -->
      <class name="com.crm.qa.testscases.LoginPageTest">
        <test-method status="PASS" signature="setUp()[pri:0, instance:com.crm.qa.testscases.LoginPageTest@337d0578]" name="setUp" is-config="true" duration-ms="7642" started-at="2018-02-25T11:04:34Z" finished-at="2018-02-25T11:04:41Z">
          <reporter-output>
          </reporter-output>
        </test-method> <!-- setUp -->
        <test-method status="PASS" signature="loginPageTitleTest()[pri:1, instance:com.crm.qa.testscases.LoginPageTest@337d0578]" name="loginPageTitleTest" duration-ms="6" started-at="2018-02-25T11:04:41Z" finished-at="2018-02-25T11:04:41Z">
          <reporter-output>
          </reporter-output>
        </test-method> <!-- loginPageTitleTest -->
        <test-method status="PASS" signature="tearDown(org.testng.ITestResult)[pri:0, instance:com.crm.qa.testscases.LoginPageTest@337d0578]" name="tearDown" is-config="true" duration-ms="554" started-at="2018-02-25T11:04:41Z" finished-at="2018-02-25T11:04:42Z">
          <params>
            <param index="0">
              <value>
                <![CDATA[[TestResult name=loginPageTitleTest status=SUCCESS method=LoginPageTest.loginPageTitleTest()[pri:1, instance:com.crm.qa.testscases.LoginPageTest@337d0578] output={null}]]]>
              </value>
            </param>
          </params>
          <reporter-output>
          </reporter-output>
        </test-method> <!-- tearDown -->
        <test-method status="PASS" signature="setUp()[pri:0, instance:com.crm.qa.testscases.LoginPageTest@337d0578]" name="setUp" is-config="true" duration-ms="8216" started-at="2018-02-25T11:05:13Z" finished-at="2018-02-25T11:05:21Z">
          <reporter-output>
          </reporter-output>
        </test-method> <!-- setUp -->
        <test-method status="PASS" signature="crmLogoImageTest()[pri:2, instance:com.crm.qa.testscases.LoginPageTest@337d0578]" name="crmLogoImageTest" duration-ms="37" started-at="2018-02-25T11:05:21Z" finished-at="2018-02-25T11:05:21Z">
          <reporter-output>
          </reporter-output>
        </test-method> <!-- crmLogoImageTest -->
        <test-method status="PASS" signature="tearDown(org.testng.ITestResult)[pri:0, instance:com.crm.qa.testscases.LoginPageTest@337d0578]" name="tearDown" is-config="true" duration-ms="570" started-at="2018-02-25T11:05:21Z" finished-at="2018-02-25T11:05:22Z">
          <params>
            <param index="0">
              <value>
                <![CDATA[[TestResult name=crmLogoImageTest status=SUCCESS method=LoginPageTest.crmLogoImageTest()[pri:2, instance:com.crm.qa.testscases.LoginPageTest@337d0578] output={null}]]]>
              </value>
            </param>
          </params>
          <reporter-output>
          </reporter-output>
        </test-method> <!-- tearDown -->
        <test-method status="PASS" signature="setUp()[pri:0, instance:com.crm.qa.testscases.LoginPageTest@337d0578]" name="setUp" is-config="true" duration-ms="7544" started-at="2018-02-25T11:05:56Z" finished-at="2018-02-25T11:06:04Z">
          <reporter-output>
          </reporter-output>
        </test-method> <!-- setUp -->
        <test-method status="PASS" signature="loginTest()[pri:3, instance:com.crm.qa.testscases.LoginPageTest@337d0578]" name="loginTest" duration-ms="4941" started-at="2018-02-25T11:06:04Z" finished-at="2018-02-25T11:06:09Z">
          <reporter-output>
          </reporter-output>
        </test-method> <!-- loginTest -->
        <test-method status="PASS" signature="tearDown(org.testng.ITestResult)[pri:0, instance:com.crm.qa.testscases.LoginPageTest@337d0578]" name="tearDown" is-config="true" duration-ms="562" started-at="2018-02-25T11:06:09Z" finished-at="2018-02-25T11:06:09Z">
          <params>
            <param index="0">
              <value>
                <![CDATA[[TestResult name=loginTest status=SUCCESS method=LoginPageTest.loginTest()[pri:3, instance:com.crm.qa.testscases.LoginPageTest@337d0578] output={null}]]]>
              </value>
            </param>
          </params>
          <reporter-output>
          </reporter-output>
        </test-method> <!-- tearDown -->
      </class> <!-- com.crm.qa.testscases.LoginPageTest -->
      <class name="com.crm.qa.testscases.ContactsPageTest">
        <test-method status="PASS" signature="setExtent()[pri:0, instance:com.crm.qa.testscases.ContactsPageTest@13a57a3b]" name="setExtent" is-config="true" duration-ms="204" started-at="2018-02-25T11:03:40Z" finished-at="2018-02-25T11:03:40Z">
          <reporter-output>
          </reporter-output>
        </test-method> <!-- setExtent -->
        <test-method status="PASS" signature="setUp()[pri:0, instance:com.crm.qa.testscases.ContactsPageTest@13a57a3b]" name="setUp" is-config="true" duration-ms="35730" started-at="2018-02-25T11:03:40Z" finished-at="2018-02-25T11:04:16Z">
          <reporter-output>
          </reporter-output>
        </test-method> <!-- setUp -->
        <test-method status="PASS" signature="verifyContactsLabel()[pri:1, instance:com.crm.qa.testscases.ContactsPageTest@13a57a3b]" name="verifyContactsLabel" duration-ms="1487" started-at="2018-02-25T11:04:16Z" finished-at="2018-02-25T11:04:17Z">
          <reporter-output>
          </reporter-output>
        </test-method> <!-- verifyContactsLabel -->
        <test-method status="PASS" signature="tearDown(org.testng.ITestResult)[pri:0, instance:com.crm.qa.testscases.ContactsPageTest@13a57a3b]" name="tearDown" is-config="true" duration-ms="566" started-at="2018-02-25T11:04:17Z" finished-at="2018-02-25T11:04:18Z">
          <params>
            <param index="0">
              <value>
                <![CDATA[[TestResult name=verifyContactsLabel status=SUCCESS method=ContactsPageTest.verifyContactsLabel()[pri:1, instance:com.crm.qa.testscases.ContactsPageTest@13a57a3b] output={null}]]]>
              </value>
            </param>
          </params>
          <reporter-output>
          </reporter-output>
        </test-method> <!-- tearDown -->
        <test-method status="PASS" signature="setUp()[pri:0, instance:com.crm.qa.testscases.ContactsPageTest@13a57a3b]" name="setUp" is-config="true" duration-ms="14329" started-at="2018-02-25T11:04:42Z" finished-at="2018-02-25T11:04:56Z">
          <reporter-output>
          </reporter-output>
        </test-method> <!-- setUp -->
        <test-method status="PASS" signature="selectSingleContactTest()[pri:2, instance:com.crm.qa.testscases.ContactsPageTest@13a57a3b]" name="selectSingleContactTest" duration-ms="1345" started-at="2018-02-25T11:04:56Z" finished-at="2018-02-25T11:04:58Z">
          <reporter-output>
          </reporter-output>
        </test-method> <!-- selectSingleContactTest -->
        <test-method status="PASS" signature="tearDown(org.testng.ITestResult)[pri:0, instance:com.crm.qa.testscases.ContactsPageTest@13a57a3b]" name="tearDown" is-config="true" duration-ms="561" started-at="2018-02-25T11:04:58Z" finished-at="2018-02-25T11:04:58Z">
          <params>
            <param index="0">
              <value>
                <![CDATA[[TestResult name=selectSingleContactTest status=SUCCESS method=ContactsPageTest.selectSingleContactTest()[pri:2, instance:com.crm.qa.testscases.ContactsPageTest@13a57a3b] output={null}]]]>
              </value>
            </param>
          </params>
          <reporter-output>
          </reporter-output>
        </test-method> <!-- tearDown -->
        <test-method status="PASS" signature="setUp()[pri:0, instance:com.crm.qa.testscases.ContactsPageTest@13a57a3b]" name="setUp" is-config="true" duration-ms="16861" started-at="2018-02-25T11:05:22Z" finished-at="2018-02-25T11:05:39Z">
          <reporter-output>
          </reporter-output>
        </test-method> <!-- setUp -->
        <test-method status="PASS" signature="selectMultipleContactTest()[pri:3, instance:com.crm.qa.testscases.ContactsPageTest@13a57a3b]" name="selectMultipleContactTest" duration-ms="1298" started-at="2018-02-25T11:05:39Z" finished-at="2018-02-25T11:05:40Z">
          <reporter-output>
          </reporter-output>
        </test-method> <!-- selectMultipleContactTest -->
        <test-method status="PASS" signature="tearDown(org.testng.ITestResult)[pri:0, instance:com.crm.qa.testscases.ContactsPageTest@13a57a3b]" name="tearDown" is-config="true" duration-ms="560" started-at="2018-02-25T11:05:40Z" finished-at="2018-02-25T11:05:40Z">
          <params>
            <param index="0">
              <value>
                <![CDATA[[TestResult name=selectMultipleContactTest status=SUCCESS method=ContactsPageTest.selectMultipleContactTest()[pri:3, instance:com.crm.qa.testscases.ContactsPageTest@13a57a3b] output={null}]]]>
              </value>
            </param>
          </params>
          <reporter-output>
          </reporter-output>
        </test-method> <!-- tearDown -->
        <test-method status="PASS" signature="setUp()[pri:0, instance:com.crm.qa.testscases.ContactsPageTest@13a57a3b]" name="setUp" is-config="true" duration-ms="14437" started-at="2018-02-25T11:06:10Z" finished-at="2018-02-25T11:06:24Z">
          <reporter-output>
          </reporter-output>
        </test-method> <!-- setUp -->
        <test-method status="PASS" signature="validateCreateNewContact(java.lang.String, java.lang.String, java.lang.String, java.lang.String)[pri:4, instance:com.crm.qa.testscases.ContactsPageTest@13a57a3b]" name="validateCreateNewContact" duration-ms="6344" started-at="2018-02-25T11:06:24Z" data-provider="getCRMTestData" finished-at="2018-02-25T11:06:30Z">
          <params>
            <param index="0">
              <value>
                <![CDATA[Mr.]]>
              </value>
            </param>
            <param index="1">
              <value>
                <![CDATA[saurav]]>
              </value>
            </param>
            <param index="2">
              <value>
                <![CDATA[ganguly]]>
              </value>
            </param>
            <param index="3">
              <value>
                <![CDATA[amazon]]>
              </value>
            </param>
          </params>
          <reporter-output>
          </reporter-output>
        </test-method> <!-- validateCreateNewContact -->
        <test-method status="PASS" signature="tearDown(org.testng.ITestResult)[pri:0, instance:com.crm.qa.testscases.ContactsPageTest@13a57a3b]" name="tearDown" is-config="true" duration-ms="560" started-at="2018-02-25T11:06:30Z" finished-at="2018-02-25T11:06:31Z">
          <params>
            <param index="0">
              <value>
                <![CDATA[[TestResult name=validateCreateNewContact status=SUCCESS method=ContactsPageTest.validateCreateNewContact(java.lang.String, java.lang.String, java.lang.String, java.lang.String)[pri:4, instance:com.crm.qa.testscases.ContactsPageTest@13a57a3b] output={null}]]]>
              </value>
            </param>
          </params>
          <reporter-output>
          </reporter-output>
        </test-method> <!-- tearDown -->
        <test-method status="PASS" signature="setUp()[pri:0, instance:com.crm.qa.testscases.ContactsPageTest@13a57a3b]" name="setUp" is-config="true" duration-ms="17846" started-at="2018-02-25T11:06:31Z" finished-at="2018-02-25T11:06:49Z">
          <reporter-output>
          </reporter-output>
        </test-method> <!-- setUp -->
        <test-method status="PASS" signature="validateCreateNewContact(java.lang.String, java.lang.String, java.lang.String, java.lang.String)[pri:4, instance:com.crm.qa.testscases.ContactsPageTest@13a57a3b]" name="validateCreateNewContact" duration-ms="4158" started-at="2018-02-25T11:06:49Z" data-provider="getCRMTestData" finished-at="2018-02-25T11:06:53Z">
          <params>
            <param index="0">
              <value>
                <![CDATA[Dr.]]>
              </value>
            </param>
            <param index="1">
              <value>
                <![CDATA[vinod]]>
              </value>
            </param>
            <param index="2">
              <value>
                <![CDATA[kambli]]>
              </value>
            </param>
            <param index="3">
              <value>
                <![CDATA[Google]]>
              </value>
            </param>
          </params>
          <reporter-output>
          </reporter-output>
        </test-method> <!-- validateCreateNewContact -->
        <test-method status="PASS" signature="tearDown(org.testng.ITestResult)[pri:0, instance:com.crm.qa.testscases.ContactsPageTest@13a57a3b]" name="tearDown" is-config="true" duration-ms="560" started-at="2018-02-25T11:06:53Z" finished-at="2018-02-25T11:06:54Z">
          <params>
            <param index="0">
              <value>
                <![CDATA[[TestResult name=validateCreateNewContact status=SUCCESS method=ContactsPageTest.validateCreateNewContact(java.lang.String, java.lang.String, java.lang.String, java.lang.String)[pri:4, instance:com.crm.qa.testscases.ContactsPageTest@13a57a3b] output={null}]]]>
              </value>
            </param>
          </params>
          <reporter-output>
          </reporter-output>
        </test-method> <!-- tearDown -->
        <test-method status="PASS" signature="setUp()[pri:0, instance:com.crm.qa.testscases.ContactsPageTest@13a57a3b]" name="setUp" is-config="true" duration-ms="18256" started-at="2018-02-25T11:06:54Z" finished-at="2018-02-25T11:07:12Z">
          <reporter-output>
          </reporter-output>
        </test-method> <!-- setUp -->
        <test-method status="PASS" signature="validateCreateNewContact(java.lang.String, java.lang.String, java.lang.String, java.lang.String)[pri:4, instance:com.crm.qa.testscases.ContactsPageTest@13a57a3b]" name="validateCreateNewContact" duration-ms="3901" started-at="2018-02-25T11:07:12Z" data-provider="getCRMTestData" finished-at="2018-02-25T11:07:16Z">
          <params>
            <param index="0">
              <value>
                <![CDATA[Mr.]]>
              </value>
            </param>
            <param index="1">
              <value>
                <![CDATA[sachin]]>
              </value>
            </param>
            <param index="2">
              <value>
                <![CDATA[tendulkar]]>
              </value>
            </param>
            <param index="3">
              <value>
                <![CDATA[ebay]]>
              </value>
            </param>
          </params>
          <reporter-output>
          </reporter-output>
        </test-method> <!-- validateCreateNewContact -->
        <test-method status="PASS" signature="tearDown(org.testng.ITestResult)[pri:0, instance:com.crm.qa.testscases.ContactsPageTest@13a57a3b]" name="tearDown" is-config="true" duration-ms="561" started-at="2018-02-25T11:07:16Z" finished-at="2018-02-25T11:07:16Z">
          <params>
            <param index="0">
              <value>
                <![CDATA[[TestResult name=validateCreateNewContact status=SUCCESS method=ContactsPageTest.validateCreateNewContact(java.lang.String, java.lang.String, java.lang.String, java.lang.String)[pri:4, instance:com.crm.qa.testscases.ContactsPageTest@13a57a3b] output={null}]]]>
              </value>
            </param>
          </params>
          <reporter-output>
          </reporter-output>
        </test-method> <!-- tearDown -->
        <test-method status="PASS" signature="endReport()[pri:0, instance:com.crm.qa.testscases.ContactsPageTest@13a57a3b]" name="endReport" is-config="true" duration-ms="371" started-at="2018-02-25T11:07:16Z" finished-at="2018-02-25T11:07:17Z">
          <reporter-output>
          </reporter-output>
        </test-method> <!-- endReport -->
      </class> <!-- com.crm.qa.testscases.ContactsPageTest -->
    </test> <!-- Command line test -->
  </suite> <!-- Command line suite -->
</testng-results>
